Adipose
Best alpha [0.0006176771147463522]
Best l1_ratio 1.0
Adrenal
Best alpha [0.0027572883440985362]
Best l1_ratio 1.0
Artery
Best alpha [0.0007507975761405335]
Best l1_ratio 1.0
Brain
Best alpha [0.0010737533157501875]
Best l1_ratio 0.5
Esophagus
Best alpha [0.022384058730387665]
Best l1_ratio 0.5
Female
Best alpha [0.00013890737575218326]
Best l1_ratio 0.5
Heart
Best alpha [0.0008130980661743587]
Best l1_ratio 0.5
Immune
Best alpha [0.00046816442140509926]
Best l1_ratio 1.0
Intestine
Best alpha [0.0007498885568828818]
Best l1_ratio 0.5
Kidney
Best alpha [0.0007042863296303027]
Best l1_ratio 0.5
Liver
Best alpha [0.00014457178417518585]
Best l1_ratio 1.0
Lung
Best alpha [0.004123627251111307]
Best l1_ratio 0.5
Male
Best alpha [0.001063734307554543]
Best l1_ratio 1.0
Muscle
Best alpha [0.0045503444561953025]
Best l1_ratio 1.0
Pancreas
Best alpha [0.0006412241711403007]
Best l1_ratio 1.0
Pituitary
Best alpha [0.00015287093977653233]
Best l1_ratio 0.5
Salivary
Best alpha [0.0002802259476686637]
Best l1_ratio 0.5
Skin
Best alpha [0.0008378068889879648]
Best l1_ratio 0.5
Stomach
Best alpha [0.004019687077193055]
Best l1_ratio 0.5
Organismal
Best alpha [0.002404509725406958]
Best l1_ratio 0.5
Multi-organ
Best alpha [0.0014290284903503197]
Best l1_ratio 0.5
Conventional
Best alpha [0.0035018040777333565]
Best l1_ratio 0.5
